system   D            wsystem.c:583  maybe_parent_dir                 [   0.00027] Also searching F:\University\C++\Level5\Space-Invaders\
system   D            wsystem.c:633  _al_win_safe_load_library        [   0.00040] PathFindOnPath found: C:\Windows\system32\d3d9.dll
system   D            wsystem.c:544  load_library_at_path             [   0.00041] Calling LoadLibrary C:\Windows\system32\d3d9.dll
system   I            wsystem.c:547  load_library_at_path             [   0.00338] Loaded C:\Windows\system32\d3d9.dll
d3d      I         d3d_disp.cpp:696  _al_d3d_init_display             [   0.12215] Render-to-texture: 1
system   I             system.c:252  al_install_system                [   0.12217] Allegro version: 5.0.10
d3d      I         d3d_disp.cpp:1737 d3d_create_display_locked        [   0.12277] faux_fullscreen=0
d3d      D         d3d_disp.cpp:1738 d3d_create_display_locked        [   0.12278] al_display=04B2E780
d3d      D         d3d_disp.cpp:1739 d3d_create_display_locked        [   0.12278] al_display->vt=00BF3CB8
d3d      I d3d_display_formats.cpp:144  _al_d3d_generate_display_format_list [   0.12670] found 160 format combinations
display  D   display_settings.c:191  debug_display_settings           [   0.12672] color: 32 (rgba 8880), depth: 0, stencil: 0, acc: 0000, samples: 0/0
display  D   display_settings.c:506  _al_score_display_settings       [   0.12672] Score is : 897
display  D   display_settings.c:191  debug_display_settings           [   0.12673] color: 32 (rgba 8880), depth: 0, stencil: 0, acc: 0000, samples: 0/0
display  D   display_settings.c:506  _al_score_display_settings       [   0.12673] Score is : 897
display  D   display_settings.c:191  debug_display_settings           [   0.12673] color: 32 (rgba 8880), depth: 0, stencil: 0, acc: 0000, samples: 2/1
display  D   display_settings.c:506  _al_score_display_settings       [   0.12674] Score is : 726
display  D   display_settings.c:191  debug_display_settings           [   0.12674] color: 32 (rgba 8880), depth: 0, stencil: 0, acc: 0000, samples: 3/1
display  D   display_settings.c:506  _al_score_display_settings       [   0.12675] Score is : 721
display  D   display_settings.c:191  debug_display_settings           [   0.12675] color: 32 (rgba 8880), depth: 0, stencil: 0, acc: 0000, samples: 4/1
display  D   display_settings.c:506  _al_score_display_settings       [   0.12675] Score is : 717
display  D   display_settings.c:191  debug_display_settings           [   0.12676] color: 32 (rgba 8880), depth: 24, stencil: 8, acc: 0000, samples: 0/0
display  D   display_settings.c:506  _al_score_display_settings       [   0.12676] Score is : 897
display  D   display_settings.c:191  debug_display_settings           [   0.12676] color: 32 (rgba 8880), depth: 24, stencil: 8, acc: 0000, samples: 0/0
display  D   display_settings.c:506  _al_score_display_settings       [   0.12677] Score is : 897
display  D   display_settings.c:191  debug_display_settings           [   0.12677] color: 32 (rgba 8880), depth: 24, stencil: 8, acc: 0000, samples: 2/1
display  D   display_settings.c:506  _al_score_display_settings       [   0.12678] Score is : 726
display  D   display_settings.c:191  debug_display_settings           [   0.12678] color: 32 (rgba 8880), depth: 24, stencil: 8, acc: 0000, samples: 3/1
display  D   display_settings.c:506  _al_score_display_settings       [   0.12678] Score is : 721
display  D   display_settings.c:191  debug_display_settings           [   0.12679] color: 32 (rgba 8880), depth: 24, stencil: 8, acc: 0000, samples: 4/1
display  D   display_settings.c:506  _al_score_display_settings       [   0.12679] Score is : 717
display  D   display_settings.c:191  debug_display_settings           [   0.12680] color: 32 (rgba 8880), depth: 24, stencil: 0, acc: 0000, samples: 0/0
display  D   display_settings.c:506  _al_score_display_settings       [   0.12680] Score is : 897
display  D   display_settings.c:191  debug_display_settings           [   0.12680] color: 32 (rgba 8880), depth: 24, stencil: 0, acc: 0000, samples: 0/0
display  D   display_settings.c:506  _al_score_display_settings       [   0.12684] Score is : 897
display  D   display_settings.c:191  debug_display_settings           [   0.12684] color: 32 (rgba 8880), depth: 24, stencil: 0, acc: 0000, samples: 2/1
display  D   display_settings.c:506  _al_score_display_settings       [   0.12685] Score is : 726
display  D   display_settings.c:191  debug_display_settings           [   0.12685] color: 32 (rgba 8880), depth: 24, stencil: 0, acc: 0000, samples: 3/1
display  D   display_settings.c:506  _al_score_display_settings       [   0.12685] Score is : 721
display  D   display_settings.c:191  debug_display_settings           [   0.12686] color: 32 (rgba 8880), depth: 24, stencil: 0, acc: 0000, samples: 4/1
display  D   display_settings.c:506  _al_score_display_settings       [   0.12686] Score is : 717
display  D   display_settings.c:191  debug_display_settings           [   0.12686] color: 32 (rgba 8880), depth: 16, stencil: 0, acc: 0000, samples: 0/0
display  D   display_settings.c:506  _al_score_display_settings       [   0.12687] Score is : 897
display  D   display_settings.c:191  debug_display_settings           [   0.12687] color: 32 (rgba 8880), depth: 16, stencil: 0, acc: 0000, samples: 0/0
display  D   display_settings.c:506  _al_score_display_settings       [   0.12688] Score is : 897
display  D   display_settings.c:191  debug_display_settings           [   0.12688] color: 32 (rgba 8880), depth: 16, stencil: 0, acc: 0000, samples: 2/1
display  D   display_settings.c:506  _al_score_display_settings       [   0.12688] Score is : 726
display  D   display_settings.c:191  debug_display_settings           [   0.12689] color: 32 (rgba 8880), depth: 16, stencil: 0, acc: 0000, samples: 3/1
display  D   display_settings.c:506  _al_score_display_settings       [   0.12689] Score is : 721
display  D   display_settings.c:191  debug_display_settings           [   0.12689] color: 32 (rgba 8880), depth: 16, stencil: 0, acc: 0000, samples: 4/1
display  D   display_settings.c:506  _al_score_display_settings       [   0.12690] Score is : 717
display  D   display_settings.c:191  debug_display_settings           [   0.12690] color: 16 (rgba 5650), depth: 0, stencil: 0, acc: 0000, samples: 0/0
display  D   display_settings.c:506  _al_score_display_settings       [   0.12691] Score is : 897
display  D   display_settings.c:191  debug_display_settings           [   0.12691] color: 16 (rgba 5650), depth: 0, stencil: 0, acc: 0000, samples: 0/0
display  D   display_settings.c:506  _al_score_display_settings       [   0.12691] Score is : 897
display  D   display_settings.c:191  debug_display_settings           [   0.12692] color: 16 (rgba 5650), depth: 0, stencil: 0, acc: 0000, samples: 2/1
display  D   display_settings.c:506  _al_score_display_settings       [   0.12692] Score is : 726
display  D   display_settings.c:191  debug_display_settings           [   0.12692] color: 16 (rgba 5650), depth: 0, stencil: 0, acc: 0000, samples: 3/1
display  D   display_settings.c:506  _al_score_display_settings       [   0.12693] Score is : 721
display  D   display_settings.c:191  debug_display_settings           [   0.12693] color: 16 (rgba 5650), depth: 0, stencil: 0, acc: 0000, samples: 4/1
display  D   display_settings.c:506  _al_score_display_settings       [   0.12694] Score is : 717
display  D   display_settings.c:191  debug_display_settings           [   0.12694] color: 16 (rgba 5650), depth: 24, stencil: 8, acc: 0000, samples: 0/0
display  D   display_settings.c:506  _al_score_display_settings       [   0.12694] Score is : 897
display  D   display_settings.c:191  debug_display_settings           [   0.12695] color: 16 (rgba 5650), depth: 24, stencil: 8, acc: 0000, samples: 0/0
display  D   display_settings.c:506  _al_score_display_settings       [   0.12695] Score is : 897
display  D   display_settings.c:191  debug_display_settings           [   0.12695] color: 16 (rgba 5650), depth: 24, stencil: 8, acc: 0000, samples: 2/1
display  D   display_settings.c:506  _al_score_display_settings       [   0.12696] Score is : 726
display  D   display_settings.c:191  debug_display_settings           [   0.12697] color: 16 (rgba 5650), depth: 24, stencil: 8, acc: 0000, samples: 3/1
display  D   display_settings.c:506  _al_score_display_settings       [   0.12697] Score is : 721
display  D   display_settings.c:191  debug_display_settings           [   0.12697] color: 16 (rgba 5650), depth: 24, stencil: 8, acc: 0000, samples: 4/1
display  D   display_settings.c:506  _al_score_display_settings       [   0.12698] Score is : 717
display  D   display_settings.c:191  debug_display_settings           [   0.12698] color: 16 (rgba 5650), depth: 24, stencil: 0, acc: 0000, samples: 0/0
display  D   display_settings.c:506  _al_score_display_settings       [   0.12698] Score is : 897
display  D   display_settings.c:191  debug_display_settings           [   0.12699] color: 16 (rgba 5650), depth: 24, stencil: 0, acc: 0000, samples: 0/0
display  D   display_settings.c:506  _al_score_display_settings       [   0.12699] Score is : 897
display  D   display_settings.c:191  debug_display_settings           [   0.12700] color: 16 (rgba 5650), depth: 24, stencil: 0, acc: 0000, samples: 2/1
display  D   display_settings.c:506  _al_score_display_settings       [   0.12700] Score is : 726
display  D   display_settings.c:191  debug_display_settings           [   0.12700] color: 16 (rgba 5650), depth: 24, stencil: 0, acc: 0000, samples: 3/1
display  D   display_settings.c:506  _al_score_display_settings       [   0.12701] Score is : 721
display  D   display_settings.c:191  debug_display_settings           [   0.12701] color: 16 (rgba 5650), depth: 24, stencil: 0, acc: 0000, samples: 4/1
display  D   display_settings.c:506  _al_score_display_settings       [   0.12701] Score is : 717
display  D   display_settings.c:191  debug_display_settings           [   0.12702] color: 16 (rgba 5650), depth: 16, stencil: 0, acc: 0000, samples: 0/0
display  D   display_settings.c:506  _al_score_display_settings       [   0.12702] Score is : 897
display  D   display_settings.c:191  debug_display_settings           [   0.12703] color: 16 (rgba 5650), depth: 16, stencil: 0, acc: 0000, samples: 0/0
display  D   display_settings.c:506  _al_score_display_settings       [   0.12703] Score is : 897
display  D   display_settings.c:191  debug_display_settings           [   0.12703] color: 16 (rgba 5650), depth: 16, stencil: 0, acc: 0000, samples: 2/1
display  D   display_settings.c:506  _al_score_display_settings       [   0.12704] Score is : 726
display  D   display_settings.c:191  debug_display_settings           [   0.12704] color: 16 (rgba 5650), depth: 16, stencil: 0, acc: 0000, samples: 3/1
display  D   display_settings.c:506  _al_score_display_settings       [   0.12704] Score is : 721
display  D   display_settings.c:191  debug_display_settings           [   0.12705] color: 16 (rgba 5650), depth: 16, stencil: 0, acc: 0000, samples: 4/1
display  D   display_settings.c:506  _al_score_display_settings       [   0.12705] Score is : 717
display  D   display_settings.c:191  debug_display_settings           [   0.12706] color: 32 (rgba 8880), depth: 0, stencil: 0, acc: 0000, samples: 0/0
display  D   display_settings.c:377  _al_score_display_settings       [   0.12706] Single Buffer requirement not met.
display  D   display_settings.c:191  debug_display_settings           [   0.12706] color: 32 (rgba 8880), depth: 0, stencil: 0, acc: 0000, samples: 0/0
display  D   display_settings.c:377  _al_score_display_settings       [   0.12707] Single Buffer requirement not met.
display  D   display_settings.c:191  debug_display_settings           [   0.12707] color: 32 (rgba 8880), depth: 0, stencil: 0, acc: 0000, samples: 2/1
display  D   display_settings.c:377  _al_score_display_settings       [   0.12708] Single Buffer requirement not met.
display  D   display_settings.c:191  debug_display_settings           [   0.12708] color: 32 (rgba 8880), depth: 0, stencil: 0, acc: 0000, samples: 3/1
display  D   display_settings.c:377  _al_score_display_settings       [   0.12708] Single Buffer requirement not met.
display  D   display_settings.c:191  debug_display_settings           [   0.12709] color: 32 (rgba 8880), depth: 0, stencil: 0, acc: 0000, samples: 4/1
display  D   display_settings.c:377  _al_score_display_settings       [   0.12709] Single Buffer requirement not met.
display  D   display_settings.c:191  debug_display_settings           [   0.12710] color: 32 (rgba 8880), depth: 24, stencil: 8, acc: 0000, samples: 0/0
display  D   display_settings.c:377  _al_score_display_settings       [   0.12710] Single Buffer requirement not met.
display  D   display_settings.c:191  debug_display_settings           [   0.12710] color: 32 (rgba 8880), depth: 24, stencil: 8, acc: 0000, samples: 0/0
display  D   display_settings.c:377  _al_score_display_settings       [   0.12711] Single Buffer requirement not met.
display  D   display_settings.c:191  debug_display_settings           [   0.12711] color: 32 (rgba 8880), depth: 24, stencil: 8, acc: 0000, samples: 2/1
display  D   display_settings.c:377  _al_score_display_settings       [   0.12712] Single Buffer requirement not met.
display  D   display_settings.c:191  debug_display_settings           [   0.12712] color: 32 (rgba 8880), depth: 24, stencil: 8, acc: 0000, samples: 3/1
display  D   display_settings.c:377  _al_score_display_settings       [   0.12712] Single Buffer requirement not met.
display  D   display_settings.c:191  debug_display_settings           [   0.12713] color: 32 (rgba 8880), depth: 24, stencil: 8, acc: 0000, samples: 4/1
display  D   display_settings.c:377  _al_score_display_settings       [   0.12713] Single Buffer requirement not met.
display  D   display_settings.c:191  debug_display_settings           [   0.12713] color: 32 (rgba 8880), depth: 24, stencil: 0, acc: 0000, samples: 0/0
display  D   display_settings.c:377  _al_score_display_settings       [   0.12714] Single Buffer requirement not met.
display  D   display_settings.c:191  debug_display_settings           [   0.12714] color: 32 (rgba 8880), depth: 24, stencil: 0, acc: 0000, samples: 0/0
display  D   display_settings.c:377  _al_score_display_settings       [   0.12715] Single Buffer requirement not met.
display  D   display_settings.c:191  debug_display_settings           [   0.12715] color: 32 (rgba 8880), depth: 24, stencil: 0, acc: 0000, samples: 2/1
display  D   display_settings.c:377  _al_score_display_settings       [   0.12715] Single Buffer requirement not met.
display  D   display_settings.c:191  debug_display_settings           [   0.12716] color: 32 (rgba 8880), depth: 24, stencil: 0, acc: 0000, samples: 3/1
display  D   display_settings.c:377  _al_score_display_settings       [   0.12716] Single Buffer requirement not met.
display  D   display_settings.c:191  debug_display_settings           [   0.12716] color: 32 (rgba 8880), depth: 24, stencil: 0, acc: 0000, samples: 4/1
display  D   display_settings.c:377  _al_score_display_settings       [   0.12717] Single Buffer requirement not met.
display  D   display_settings.c:191  debug_display_settings           [   0.12717] color: 32 (rgba 8880), depth: 16, stencil: 0, acc: 0000, samples: 0/0
display  D   display_settings.c:377  _al_score_display_settings       [   0.12718] Single Buffer requirement not met.
display  D   display_settings.c:191  debug_display_settings           [   0.12718] color: 32 (rgba 8880), depth: 16, stencil: 0, acc: 0000, samples: 0/0
display  D   display_settings.c:377  _al_score_display_settings       [   0.12718] Single Buffer requirement not met.
display  D   display_settings.c:191  debug_display_settings           [   0.12719] color: 32 (rgba 8880), depth: 16, stencil: 0, acc: 0000, samples: 2/1
display  D   display_settings.c:377  _al_score_display_settings       [   0.12719] Single Buffer requirement not met.
display  D   display_settings.c:191  debug_display_settings           [   0.12719] color: 32 (rgba 8880), depth: 16, stencil: 0, acc: 0000, samples: 3/1
display  D   display_settings.c:377  _al_score_display_settings       [   0.12720] Single Buffer requirement not met.
display  D   display_settings.c:191  debug_display_settings           [   0.12721] color: 32 (rgba 8880), depth: 16, stencil: 0, acc: 0000, samples: 4/1
display  D   display_settings.c:377  _al_score_display_settings       [   0.12722] Single Buffer requirement not met.
display  D   display_settings.c:191  debug_display_settings           [   0.12722] color: 16 (rgba 5650), depth: 0, stencil: 0, acc: 0000, samples: 0/0
display  D   display_settings.c:377  _al_score_display_settings       [   0.12723] Single Buffer requirement not met.
display  D   display_settings.c:191  debug_display_settings           [   0.12723] color: 16 (rgba 5650), depth: 0, stencil: 0, acc: 0000, samples: 0/0
display  D   display_settings.c:377  _al_score_display_settings       [   0.12723] Single Buffer requirement not met.
display  D   display_settings.c:191  debug_display_settings           [   0.12724] color: 16 (rgba 5650), depth: 0, stencil: 0, acc: 0000, samples: 2/1
display  D   display_settings.c:377  _al_score_display_settings       [   0.12724] Single Buffer requirement not met.
display  D   display_settings.c:191  debug_display_settings           [   0.12724] color: 16 (rgba 5650), depth: 0, stencil: 0, acc: 0000, samples: 3/1
display  D   display_settings.c:377  _al_score_display_settings       [   0.12725] Single Buffer requirement not met.
display  D   display_settings.c:191  debug_display_settings           [   0.12725] color: 16 (rgba 5650), depth: 0, stencil: 0, acc: 0000, samples: 4/1
display  D   display_settings.c:377  _al_score_display_settings       [   0.12726] Single Buffer requirement not met.
display  D   display_settings.c:191  debug_display_settings           [   0.12726] color: 16 (rgba 5650), depth: 24, stencil: 8, acc: 0000, samples: 0/0
display  D   display_settings.c:377  _al_score_display_settings       [   0.12726] Single Buffer requirement not met.
display  D   display_settings.c:191  debug_display_settings           [   0.12727] color: 16 (rgba 5650), depth: 24, stencil: 8, acc: 0000, samples: 0/0
display  D   display_settings.c:377  _al_score_display_settings       [   0.12727] Single Buffer requirement not met.
display  D   display_settings.c:191  debug_display_settings           [   0.12728] color: 16 (rgba 5650), depth: 24, stencil: 8, acc: 0000, samples: 2/1
display  D   display_settings.c:377  _al_score_display_settings       [   0.12728] Single Buffer requirement not met.
display  D   display_settings.c:191  debug_display_settings           [   0.12728] color: 16 (rgba 5650), depth: 24, stencil: 8, acc: 0000, samples: 3/1
display  D   display_settings.c:377  _al_score_display_settings       [   0.12729] Single Buffer requirement not met.
display  D   display_settings.c:191  debug_display_settings           [   0.12729] color: 16 (rgba 5650), depth: 24, stencil: 8, acc: 0000, samples: 4/1
display  D   display_settings.c:377  _al_score_display_settings       [   0.12729] Single Buffer requirement not met.
display  D   display_settings.c:191  debug_display_settings           [   0.12730] color: 16 (rgba 5650), depth: 24, stencil: 0, acc: 0000, samples: 0/0
display  D   display_settings.c:377  _al_score_display_settings       [   0.12730] Single Buffer requirement not met.
display  D   display_settings.c:191  debug_display_settings           [   0.12731] color: 16 (rgba 5650), depth: 24, stencil: 0, acc: 0000, samples: 0/0
display  D   display_settings.c:377  _al_score_display_settings       [   0.12731] Single Buffer requirement not met.
display  D   display_settings.c:191  debug_display_settings           [   0.12731] color: 16 (rgba 5650), depth: 24, stencil: 0, acc: 0000, samples: 2/1
display  D   display_settings.c:377  _al_score_display_settings       [   0.12732] Single Buffer requirement not met.
display  D   display_settings.c:191  debug_display_settings           [   0.12732] color: 16 (rgba 5650), depth: 24, stencil: 0, acc: 0000, samples: 3/1
display  D   display_settings.c:377  _al_score_display_settings       [   0.12732] Single Buffer requirement not met.
display  D   display_settings.c:191  debug_display_settings           [   0.12734] color: 16 (rgba 5650), depth: 24, stencil: 0, acc: 0000, samples: 4/1
display  D   display_settings.c:377  _al_score_display_settings       [   0.12734] Single Buffer requirement not met.
display  D   display_settings.c:191  debug_display_settings           [   0.12735] color: 16 (rgba 5650), depth: 16, stencil: 0, acc: 0000, samples: 0/0
display  D   display_settings.c:377  _al_score_display_settings       [   0.12735] Single Buffer requirement not met.
display  D   display_settings.c:191  debug_display_settings           [   0.12735] color: 16 (rgba 5650), depth: 16, stencil: 0, acc: 0000, samples: 0/0
display  D   display_settings.c:377  _al_score_display_settings       [   0.12736] Single Buffer requirement not met.
display  D   display_settings.c:191  debug_display_settings           [   0.12736] color: 16 (rgba 5650), depth: 16, stencil: 0, acc: 0000, samples: 2/1
display  D   display_settings.c:377  _al_score_display_settings       [   0.12737] Single Buffer requirement not met.
display  D   display_settings.c:191  debug_display_settings           [   0.12737] color: 16 (rgba 5650), depth: 16, stencil: 0, acc: 0000, samples: 3/1
display  D   display_settings.c:377  _al_score_display_settings       [   0.12737] Single Buffer requirement not met.
display  D   display_settings.c:191  debug_display_settings           [   0.12738] color: 16 (rgba 5650), depth: 16, stencil: 0, acc: 0000, samples: 4/1
display  D   display_settings.c:377  _al_score_display_settings       [   0.12738] Single Buffer requirement not met.
display  D   display_settings.c:191  debug_display_settings           [   0.12738] color: 32 (rgba 8880), depth: 0, stencil: 0, acc: 0000, samples: 0/0
display  D   display_settings.c:506  _al_score_display_settings       [   0.12739] Score is : 769
display  D   display_settings.c:191  debug_display_settings           [   0.12739] color: 32 (rgba 8880), depth: 0, stencil: 0, acc: 0000, samples: 0/0
display  D   display_settings.c:506  _al_score_display_settings       [   0.12740] Score is : 769
display  D   display_settings.c:191  debug_display_settings           [   0.12740] color: 32 (rgba 8880), depth: 0, stencil: 0, acc: 0000, samples: 2/1
display  D   display_settings.c:506  _al_score_display_settings       [   0.12740] Score is : 598
display  D   display_settings.c:191  debug_display_settings           [   0.12741] color: 32 (rgba 8880), depth: 0, stencil: 0, acc: 0000, samples: 3/1
display  D   display_settings.c:506  _al_score_display_settings       [   0.12741] Score is : 593
display  D   display_settings.c:191  debug_display_settings           [   0.12741] color: 32 (rgba 8880), depth: 0, stencil: 0, acc: 0000, samples: 4/1
display  D   display_settings.c:506  _al_score_display_settings       [   0.12742] Score is : 589
display  D   display_settings.c:191  debug_display_settings           [   0.12742] color: 32 (rgba 8880), depth: 24, stencil: 8, acc: 0000, samples: 0/0
display  D   display_settings.c:506  _al_score_display_settings       [   0.12743] Score is : 769
display  D   display_settings.c:191  debug_display_settings           [   0.12743] color: 32 (rgba 8880), depth: 24, stencil: 8, acc: 0000, samples: 0/0
display  D   display_settings.c:506  _al_score_display_settings       [   0.12743] Score is : 769
display  D   display_settings.c:191  debug_display_settings           [   0.12744] color: 32 (rgba 8880), depth: 24, stencil: 8, acc: 0000, samples: 2/1
display  D   display_settings.c:506  _al_score_display_settings       [   0.12744] Score is : 598
display  D   display_settings.c:191  debug_display_settings           [   0.12744] color: 32 (rgba 8880), depth: 24, stencil: 8, acc: 0000, samples: 3/1
display  D   display_settings.c:506  _al_score_display_settings       [   0.12745] Score is : 593
display  D   display_settings.c:191  debug_display_settings           [   0.12745] color: 32 (rgba 8880), depth: 24, stencil: 8, acc: 0000, samples: 4/1
display  D   display_settings.c:506  _al_score_display_settings       [   0.12746] Score is : 589
display  D   display_settings.c:191  debug_display_settings           [   0.12747] color: 32 (rgba 8880), depth: 24, stencil: 0, acc: 0000, samples: 0/0
display  D   display_settings.c:506  _al_score_display_settings       [   0.12747] Score is : 769
display  D   display_settings.c:191  debug_display_settings           [   0.12748] color: 32 (rgba 8880), depth: 24, stencil: 0, acc: 0000, samples: 0/0
display  D   display_settings.c:506  _al_score_display_settings       [   0.12748] Score is : 769
display  D   display_settings.c:191  debug_display_settings           [   0.12748] color: 32 (rgba 8880), depth: 24, stencil: 0, acc: 0000, samples: 2/1
display  D   display_settings.c:506  _al_score_display_settings       [   0.12749] Score is : 598
display  D   display_settings.c:191  debug_display_settings           [   0.12749] color: 32 (rgba 8880), depth: 24, stencil: 0, acc: 0000, samples: 3/1
display  D   display_settings.c:506  _al_score_display_settings       [   0.12749] Score is : 593
display  D   display_settings.c:191  debug_display_settings           [   0.12750] color: 32 (rgba 8880), depth: 24, stencil: 0, acc: 0000, samples: 4/1
display  D   display_settings.c:506  _al_score_display_settings       [   0.12750] Score is : 589
display  D   display_settings.c:191  debug_display_settings           [   0.12751] color: 32 (rgba 8880), depth: 16, stencil: 0, acc: 0000, samples: 0/0
display  D   display_settings.c:506  _al_score_display_settings       [   0.12751] Score is : 769
display  D   display_settings.c:191  debug_display_settings           [   0.12751] color: 32 (rgba 8880), depth: 16, stencil: 0, acc: 0000, samples: 0/0
display  D   display_settings.c:506  _al_score_display_settings       [   0.12752] Score is : 769
display  D   display_settings.c:191  debug_display_settings           [   0.12752] color: 32 (rgba 8880), depth: 16, stencil: 0, acc: 0000, samples: 2/1
display  D   display_settings.c:506  _al_score_display_settings       [   0.12752] Score is : 598
display  D   display_settings.c:191  debug_display_settings           [   0.12753] color: 32 (rgba 8880), depth: 16, stencil: 0, acc: 0000, samples: 3/1
display  D   display_settings.c:506  _al_score_display_settings       [   0.12753] Score is : 593
display  D   display_settings.c:191  debug_display_settings           [   0.12754] color: 32 (rgba 8880), depth: 16, stencil: 0, acc: 0000, samples: 4/1
display  D   display_settings.c:506  _al_score_display_settings       [   0.12754] Score is : 589
display  D   display_settings.c:191  debug_display_settings           [   0.12754] color: 16 (rgba 5650), depth: 0, stencil: 0, acc: 0000, samples: 0/0
display  D   display_settings.c:506  _al_score_display_settings       [   0.12755] Score is : 769
display  D   display_settings.c:191  debug_display_settings           [   0.12755] color: 16 (rgba 5650), depth: 0, stencil: 0, acc: 0000, samples: 0/0
display  D   display_settings.c:506  _al_score_display_settings       [   0.12755] Score is : 769
display  D   display_settings.c:191  debug_display_settings           [   0.12756] color: 16 (rgba 5650), depth: 0, stencil: 0, acc: 0000, samples: 2/1
display  D   display_settings.c:506  _al_score_display_settings       [   0.12756] Score is : 598
display  D   display_settings.c:191  debug_display_settings           [   0.12757] color: 16 (rgba 5650), depth: 0, stencil: 0, acc: 0000, samples: 3/1
display  D   display_settings.c:506  _al_score_display_settings       [   0.12757] Score is : 593
display  D   display_settings.c:191  debug_display_settings           [   0.12757] color: 16 (rgba 5650), depth: 0, stencil: 0, acc: 0000, samples: 4/1
display  D   display_settings.c:506  _al_score_display_settings       [   0.12758] Score is : 589
display  D   display_settings.c:191  debug_display_settings           [   0.12758] color: 16 (rgba 5650), depth: 24, stencil: 8, acc: 0000, samples: 0/0
display  D   display_settings.c:506  _al_score_display_settings       [   0.12758] Score is : 769
display  D   display_settings.c:191  debug_display_settings           [   0.12760] color: 16 (rgba 5650), depth: 24, stencil: 8, acc: 0000, samples: 0/0
display  D   display_settings.c:506  _al_score_display_settings       [   0.12760] Score is : 769
display  D   display_settings.c:191  debug_display_settings           [   0.12761] color: 16 (rgba 5650), depth: 24, stencil: 8, acc: 0000, samples: 2/1
display  D   display_settings.c:506  _al_score_display_settings       [   0.12761] Score is : 598
display  D   display_settings.c:191  debug_display_settings           [   0.12761] color: 16 (rgba 5650), depth: 24, stencil: 8, acc: 0000, samples: 3/1
display  D   display_settings.c:506  _al_score_display_settings       [   0.12762] Score is : 593
display  D   display_settings.c:191  debug_display_settings           [   0.12762] color: 16 (rgba 5650), depth: 24, stencil: 8, acc: 0000, samples: 4/1
display  D   display_settings.c:506  _al_score_display_settings       [   0.12763] Score is : 589
display  D   display_settings.c:191  debug_display_settings           [   0.12763] color: 16 (rgba 5650), depth: 24, stencil: 0, acc: 0000, samples: 0/0
display  D   display_settings.c:506  _al_score_display_settings       [   0.12763] Score is : 769
display  D   display_settings.c:191  debug_display_settings           [   0.12764] color: 16 (rgba 5650), depth: 24, stencil: 0, acc: 0000, samples: 0/0
display  D   display_settings.c:506  _al_score_display_settings       [   0.12764] Score is : 769
display  D   display_settings.c:191  debug_display_settings           [   0.12764] color: 16 (rgba 5650), depth: 24, stencil: 0, acc: 0000, samples: 2/1
display  D   display_settings.c:506  _al_score_display_settings       [   0.12765] Score is : 598
display  D   display_settings.c:191  debug_display_settings           [   0.12765] color: 16 (rgba 5650), depth: 24, stencil: 0, acc: 0000, samples: 3/1
display  D   display_settings.c:506  _al_score_display_settings       [   0.12766] Score is : 593
display  D   display_settings.c:191  debug_display_settings           [   0.12766] color: 16 (rgba 5650), depth: 24, stencil: 0, acc: 0000, samples: 4/1
display  D   display_settings.c:506  _al_score_display_settings       [   0.12766] Score is : 589
display  D   display_settings.c:191  debug_display_settings           [   0.12767] color: 16 (rgba 5650), depth: 16, stencil: 0, acc: 0000, samples: 0/0
display  D   display_settings.c:506  _al_score_display_settings       [   0.12767] Score is : 769
display  D   display_settings.c:191  debug_display_settings           [   0.12767] color: 16 (rgba 5650), depth: 16, stencil: 0, acc: 0000, samples: 0/0
display  D   display_settings.c:506  _al_score_display_settings       [   0.12768] Score is : 769
display  D   display_settings.c:191  debug_display_settings           [   0.12768] color: 16 (rgba 5650), depth: 16, stencil: 0, acc: 0000, samples: 2/1
display  D   display_settings.c:506  _al_score_display_settings       [   0.12768] Score is : 598
display  D   display_settings.c:191  debug_display_settings           [   0.12769] color: 16 (rgba 5650), depth: 16, stencil: 0, acc: 0000, samples: 3/1
display  D   display_settings.c:506  _al_score_display_settings       [   0.12769] Score is : 593
display  D   display_settings.c:191  debug_display_settings           [   0.12770] color: 16 (rgba 5650), depth: 16, stencil: 0, acc: 0000, samples: 4/1
display  D   display_settings.c:506  _al_score_display_settings       [   0.12770] Score is : 589
display  D   display_settings.c:191  debug_display_settings           [   0.12770] color: 32 (rgba 8880), depth: 0, stencil: 0, acc: 0000, samples: 0/0
display  D   display_settings.c:377  _al_score_display_settings       [   0.12771] Single Buffer requirement not met.
display  D   display_settings.c:191  debug_display_settings           [   0.12771] color: 32 (rgba 8880), depth: 0, stencil: 0, acc: 0000, samples: 0/0
display  D   display_settings.c:377  _al_score_display_settings       [   0.12772] Single Buffer requirement not met.
display  D   display_settings.c:191  debug_display_settings           [   0.12772] color: 32 (rgba 8880), depth: 0, stencil: 0, acc: 0000, samples: 2/1
display  D   display_settings.c:377  _al_score_display_settings       [   0.12773] Single Buffer requirement not met.
display  D   display_settings.c:191  debug_display_settings           [   0.12773] color: 32 (rgba 8880), depth: 0, stencil: 0, acc: 0000, samples: 3/1
display  D   display_settings.c:377  _al_score_display_settings       [   0.12773] Single Buffer requirement not met.
display  D   display_settings.c:191  debug_display_settings           [   0.12774] color: 32 (rgba 8880), depth: 0, stencil: 0, acc: 0000, samples: 4/1
display  D   display_settings.c:377  _al_score_display_settings       [   0.12774] Single Buffer requirement not met.
display  D   display_settings.c:191  debug_display_settings           [   0.12774] color: 32 (rgba 8880), depth: 24, stencil: 8, acc: 0000, samples: 0/0
display  D   display_settings.c:377  _al_score_display_settings       [   0.12775] Single Buffer requirement not met.
display  D   display_settings.c:191  debug_display_settings           [   0.12775] color: 32 (rgba 8880), depth: 24, stencil: 8, acc: 0000, samples: 0/0
display  D   display_settings.c:377  _al_score_display_settings       [   0.12776] Single Buffer requirement not met.
display  D   display_settings.c:191  debug_display_settings           [   0.12776] color: 32 (rgba 8880), depth: 24, stencil: 8, acc: 0000, samples: 2/1
display  D   display_settings.c:377  _al_score_display_settings       [   0.12776] Single Buffer requirement not met.
display  D   display_settings.c:191  debug_display_settings           [   0.12777] color: 32 (rgba 8880), depth: 24, stencil: 8, acc: 0000, samples: 3/1
display  D   display_settings.c:377  _al_score_display_settings       [   0.12777] Single Buffer requirement not met.
display  D   display_settings.c:191  debug_display_settings           [   0.12778] color: 32 (rgba 8880), depth: 24, stencil: 8, acc: 0000, samples: 4/1
display  D   display_settings.c:377  _al_score_display_settings       [   0.12778] Single Buffer requirement not met.
display  D   display_settings.c:191  debug_display_settings           [   0.12778] color: 32 (rgba 8880), depth: 24, stencil: 0, acc: 0000, samples: 0/0
display  D   display_settings.c:377  _al_score_display_settings       [   0.12779] Single Buffer requirement not met.
display  D   display_settings.c:191  debug_display_settings           [   0.12779] color: 32 (rgba 8880), depth: 24, stencil: 0, acc: 0000, samples: 0/0
display  D   display_settings.c:377  _al_score_display_settings       [   0.12779] Single Buffer requirement not met.
display  D   display_settings.c:191  debug_display_settings           [   0.12780] color: 32 (rgba 8880), depth: 24, stencil: 0, acc: 0000, samples: 2/1
display  D   display_settings.c:377  _al_score_display_settings       [   0.12780] Single Buffer requirement not met.
display  D   display_settings.c:191  debug_display_settings           [   0.12781] color: 32 (rgba 8880), depth: 24, stencil: 0, acc: 0000, samples: 3/1
display  D   display_settings.c:377  _al_score_display_settings       [   0.12781] Single Buffer requirement not met.
display  D   display_settings.c:191  debug_display_settings           [   0.12781] color: 32 (rgba 8880), depth: 24, stencil: 0, acc: 0000, samples: 4/1
display  D   display_settings.c:377  _al_score_display_settings       [   0.12782] Single Buffer requirement not met.
display  D   display_settings.c:191  debug_display_settings           [   0.12782] color: 32 (rgba 8880), depth: 16, stencil: 0, acc: 0000, samples: 0/0
display  D   display_settings.c:377  _al_score_display_settings       [   0.12783] Single Buffer requirement not met.
display  D   display_settings.c:191  debug_display_settings           [   0.12783] color: 32 (rgba 8880), depth: 16, stencil: 0, acc: 0000, samples: 0/0
display  D   display_settings.c:377  _al_score_display_settings       [   0.12783] Single Buffer requirement not met.
display  D   display_settings.c:191  debug_display_settings           [   0.12784] color: 32 (rgba 8880), depth: 16, stencil: 0, acc: 0000, samples: 2/1
display  D   display_settings.c:377  _al_score_display_settings       [   0.12784] Single Buffer requirement not met.
display  D   display_settings.c:191  debug_display_settings           [   0.12785] color: 32 (rgba 8880), depth: 16, stencil: 0, acc: 0000, samples: 3/1
display  D   display_settings.c:377  _al_score_display_settings       [   0.12785] Single Buffer requirement not met.
display  D   display_settings.c:191  debug_display_settings           [   0.12785] color: 32 (rgba 8880), depth: 16, stencil: 0, acc: 0000, samples: 4/1
display  D   display_settings.c:377  _al_score_display_settings       [   0.12786] Single Buffer requirement not met.
display  D   display_settings.c:191  debug_display_settings           [   0.12786] color: 16 (rgba 5650), depth: 0, stencil: 0, acc: 0000, samples: 0/0
display  D   display_settings.c:377  _al_score_display_settings       [   0.12787] Single Buffer requirement not met.
display  D   display_settings.c:191  debug_display_settings           [   0.12787] color: 16 (rgba 5650), depth: 0, stencil: 0, acc: 0000, samples: 0/0
display  D   display_settings.c:377  _al_score_display_settings       [   0.12787] Single Buffer requirement not met.
display  D   display_settings.c:191  debug_display_settings           [   0.12788] color: 16 (rgba 5650), depth: 0, stencil: 0, acc: 0000, samples: 2/1
display  D   display_settings.c:377  _al_score_display_settings       [   0.12788] Single Buffer requirement not met.
display  D   display_settings.c:191  debug_display_settings           [   0.12788] color: 16 (rgba 5650), depth: 0, stencil: 0, acc: 0000, samples: 3/1
display  D   display_settings.c:377  _al_score_display_settings       [   0.12789] Single Buffer requirement not met.
display  D   display_settings.c:191  debug_display_settings           [   0.12789] color: 16 (rgba 5650), depth: 0, stencil: 0, acc: 0000, samples: 4/1
display  D   display_settings.c:377  _al_score_display_settings       [   0.12790] Single Buffer requirement not met.
display  D   display_settings.c:191  debug_display_settings           [   0.12790] color: 16 (rgba 5650), depth: 24, stencil: 8, acc: 0000, samples: 0/0
display  D   display_settings.c:377  _al_score_display_settings       [   0.12790] Single Buffer requirement not met.
display  D   display_settings.c:191  debug_display_settings           [   0.12791] color: 16 (rgba 5650), depth: 24, stencil: 8, acc: 0000, samples: 0/0
display  D   display_settings.c:377  _al_score_display_settings       [   0.12791] Single Buffer requirement not met.
display  D   display_settings.c:191  debug_display_settings           [   0.12791] color: 16 (rgba 5650), depth: 24, stencil: 8, acc: 0000, samples: 2/1
display  D   display_settings.c:377  _al_score_display_settings       [   0.12792] Single Buffer requirement not met.
display  D   display_settings.c:191  debug_display_settings           [   0.12792] color: 16 (rgba 5650), depth: 24, stencil: 8, acc: 0000, samples: 3/1
display  D   display_settings.c:377  _al_score_display_settings       [   0.12793] Single Buffer requirement not met.
display  D   display_settings.c:191  debug_display_settings           [   0.12793] color: 16 (rgba 5650), depth: 24, stencil: 8, acc: 0000, samples: 4/1
display  D   display_settings.c:377  _al_score_display_settings       [   0.12793] Single Buffer requirement not met.
display  D   display_settings.c:191  debug_display_settings           [   0.12794] color: 16 (rgba 5650), depth: 24, stencil: 0, acc: 0000, samples: 0/0
display  D   display_settings.c:377  _al_score_display_settings       [   0.12795] Single Buffer requirement not met.
display  D   display_settings.c:191  debug_display_settings           [   0.12795] color: 16 (rgba 5650), depth: 24, stencil: 0, acc: 0000, samples: 0/0
display  D   display_settings.c:377  _al_score_display_settings       [   0.12795] Single Buffer requirement not met.
display  D   display_settings.c:191  debug_display_settings           [   0.12796] color: 16 (rgba 5650), depth: 24, stencil: 0, acc: 0000, samples: 2/1
display  D   display_settings.c:377  _al_score_display_settings       [   0.12796] Single Buffer requirement not met.
display  D   display_settings.c:191  debug_display_settings           [   0.12797] color: 16 (rgba 5650), depth: 24, stencil: 0, acc: 0000, samples: 3/1
display  D   display_settings.c:377  _al_score_display_settings       [   0.12797] Single Buffer requirement not met.
display  D   display_settings.c:191  debug_display_settings           [   0.12797] color: 16 (rgba 5650), depth: 24, stencil: 0, acc: 0000, samples: 4/1
display  D   display_settings.c:377  _al_score_display_settings       [   0.12798] Single Buffer requirement not met.
display  D   display_settings.c:191  debug_display_settings           [   0.12798] color: 16 (rgba 5650), depth: 16, stencil: 0, acc: 0000, samples: 0/0
display  D   display_settings.c:377  _al_score_display_settings       [   0.12799] Single Buffer requirement not met.
display  D   display_settings.c:191  debug_display_settings           [   0.12799] color: 16 (rgba 5650), depth: 16, stencil: 0, acc: 0000, samples: 0/0
display  D   display_settings.c:377  _al_score_display_settings       [   0.12799] Single Buffer requirement not met.
display  D   display_settings.c:191  debug_display_settings           [   0.12800] color: 16 (rgba 5650), depth: 16, stencil: 0, acc: 0000, samples: 2/1
display  D   display_settings.c:377  _al_score_display_settings       [   0.12800] Single Buffer requirement not met.
display  D   display_settings.c:191  debug_display_settings           [   0.12800] color: 16 (rgba 5650), depth: 16, stencil: 0, acc: 0000, samples: 3/1
display  D   display_settings.c:377  _al_score_display_settings       [   0.12801] Single Buffer requirement not met.
display  D   display_settings.c:191  debug_display_settings           [   0.12801] color: 16 (rgba 5650), depth: 16, stencil: 0, acc: 0000, samples: 4/1
display  D   display_settings.c:377  _al_score_display_settings       [   0.12802] Single Buffer requirement not met.
d3d      D         d3d_disp.cpp:1645 d3d_create_display_internals     [   0.12803] Trying format 0.
d3d      I         d3d_disp.cpp:1326 d3d_display_thread_proc          [   0.12884] Chose a display format: 23
d3d      I         d3d_disp.cpp:1395 d3d_display_thread_proc          [   0.12886] Normal window.
d3d      I         d3d_disp.cpp:801  d3d_create_device                [   0.15557] Using no depth stencil buffer
d3d      D         d3d_disp.cpp:866  d3d_create_device                [   0.20364] BeginScene succeeded in create_device
d3d      D         d3d_disp.cpp:874  d3d_create_device                [   0.20365] Success
d3d      D         d3d_disp.cpp:1668 d3d_create_display_internals     [   0.20368] Resumed after wait.
d3d      I         d3d_disp.cpp:1701 d3d_create_display_internals     [   0.20371] Format 0 succeeded.
d3d      D         d3d_disp.cpp:1724 d3d_create_display_internals     [   0.20372] Returning d3d_display: 04B2E780
d3d      D         d3d_disp.cpp:1749 d3d_create_display_locked        [   0.20372] al_display=04B2E780
d3d      D         d3d_disp.cpp:1750 d3d_create_display_locked        [   0.20373] al_display->vt=00BF3CB8
font     D                ttf.c:792  al_load_ttf_font_stretch_f       [   0.20833] Font assets/DejaVuSans.ttf loaded with pixel size 0 x 70.
font     D                ttf.c:794  al_load_ttf_font_stretch_f       [   0.20834]     ascent=65.0, descent=-17.0, height=81.0
dtor     D               dtor.c:184  _al_register_destructor          [   0.20836] added dtor for object 079C24D0, func 53411069
font     D                ttf.c:792  al_load_ttf_font_stretch_f       [   0.20862] Font assets/DejaVuSans.ttf loaded with pixel size 0 x 20.
font     D                ttf.c:794  al_load_ttf_font_stretch_f       [   0.20863]     ascent=19.0, descent=-5.0, height=23.0
dtor     D               dtor.c:184  _al_register_destructor          [   0.20864] added dtor for object 079C2DC8, func 53411069
dtor     D               dtor.c:184  _al_register_destructor          [   0.21025] added dtor for object 00BBC3D0, func 7BE81A1E
dtor     D               dtor.c:184  _al_register_destructor          [   0.21027] added dtor for object 00BBBB80, func 7BE81A1E
d3d      D         d3d_disp.cpp:1166 real_choose_bitmap_format        [   0.21036] Fake format
d3d      D         d3d_disp.cpp:1166 real_choose_bitmap_format        [   0.21037] Fake format
d3d      D         d3d_disp.cpp:1166 real_choose_bitmap_format        [   0.21037] Fake format
d3d      D         d3d_disp.cpp:1166 real_choose_bitmap_format        [   0.21037] Fake format
d3d      D         d3d_disp.cpp:1166 real_choose_bitmap_format        [   0.21038] Fake format
d3d      D         d3d_disp.cpp:1166 real_choose_bitmap_format        [   0.21038] Fake format
d3d      D         d3d_disp.cpp:1166 real_choose_bitmap_format        [   0.21038] Fake format
d3d      D         d3d_disp.cpp:1166 real_choose_bitmap_format        [   0.21039] Fake format
d3d      D         d3d_disp.cpp:1166 real_choose_bitmap_format        [   0.21039] Fake format
d3d      D         d3d_disp.cpp:1174 real_choose_bitmap_format        [   0.21040] Alpha doesn't match
d3d      D         d3d_disp.cpp:1181 real_choose_bitmap_format        [   0.21040] Adapter format is 23
d3d      D         d3d_disp.cpp:1184 real_choose_bitmap_format        [   0.21040] Found a format
d3d      I         d3d_disp.cpp:2283 _al_d3d_create_bitmap            [   0.21041] Chose bitmap format 9
dtor     D               dtor.c:184  _al_register_destructor          [   0.21079] added dtor for object 0792C920, func 7BE8176C
d3d      D          d3d_bmp.cpp:467  _al_d3d_sync_bitmap              [   0.21085] _al_d3d_sync_bitmap (system) ref count == 1
d3d      D          d3d_bmp.cpp:473  _al_d3d_sync_bitmap              [   0.21085] _al_d3d_sync_bitmap (video) ref count == 1
d3d      D          d3d_bmp.cpp:467  _al_d3d_sync_bitmap              [   0.21160] _al_d3d_sync_bitmap (system) ref count == 1
d3d      D          d3d_bmp.cpp:473  _al_d3d_sync_bitmap              [   0.21161] _al_d3d_sync_bitmap (video) ref count == 1
d3d      D         d3d_disp.cpp:1166 real_choose_bitmap_format        [   0.21200] Fake format
d3d      D         d3d_disp.cpp:1166 real_choose_bitmap_format        [   0.21201] Fake format
d3d      D         d3d_disp.cpp:1166 real_choose_bitmap_format        [   0.21201] Fake format
d3d      D         d3d_disp.cpp:1166 real_choose_bitmap_format        [   0.21202] Fake format
d3d      D         d3d_disp.cpp:1166 real_choose_bitmap_format        [   0.21202] Fake format
d3d      D         d3d_disp.cpp:1166 real_choose_bitmap_format        [   0.21202] Fake format
d3d      D         d3d_disp.cpp:1166 real_choose_bitmap_format        [   0.21203] Fake format
d3d      D         d3d_disp.cpp:1166 real_choose_bitmap_format        [   0.21203] Fake format
d3d      D         d3d_disp.cpp:1166 real_choose_bitmap_format        [   0.21203] Fake format
d3d      D         d3d_disp.cpp:1174 real_choose_bitmap_format        [   0.21204] Alpha doesn't match
d3d      D         d3d_disp.cpp:1181 real_choose_bitmap_format        [   0.21204] Adapter format is 23
d3d      D         d3d_disp.cpp:1184 real_choose_bitmap_format        [   0.21204] Found a format
d3d      I         d3d_disp.cpp:2283 _al_d3d_create_bitmap            [   0.21205] Chose bitmap format 9
dtor     D               dtor.c:184  _al_register_destructor          [   0.21224] added dtor for object 0792C120, func 7BE8176C
d3d      D          d3d_bmp.cpp:467  _al_d3d_sync_bitmap              [   0.21226] _al_d3d_sync_bitmap (system) ref count == 1
d3d      D          d3d_bmp.cpp:473  _al_d3d_sync_bitmap              [   0.21227] _al_d3d_sync_bitmap (video) ref count == 1
d3d      D          d3d_bmp.cpp:467  _al_d3d_sync_bitmap              [   0.21263] _al_d3d_sync_bitmap (system) ref count == 1
d3d      D          d3d_bmp.cpp:473  _al_d3d_sync_bitmap              [   0.21264] _al_d3d_sync_bitmap (video) ref count == 1
d3d      D         d3d_disp.cpp:1166 real_choose_bitmap_format        [   0.21297] Fake format
d3d      D         d3d_disp.cpp:1166 real_choose_bitmap_format        [   0.21298] Fake format
d3d      D         d3d_disp.cpp:1166 real_choose_bitmap_format        [   0.21298] Fake format
d3d      D         d3d_disp.cpp:1166 real_choose_bitmap_format        [   0.21299] Fake format
d3d      D         d3d_disp.cpp:1166 real_choose_bitmap_format        [   0.21299] Fake format
d3d      D         d3d_disp.cpp:1166 real_choose_bitmap_format        [   0.21299] Fake format
d3d      D         d3d_disp.cpp:1166 real_choose_bitmap_format        [   0.21300] Fake format
d3d      D         d3d_disp.cpp:1166 real_choose_bitmap_format        [   0.21300] Fake format
d3d      D         d3d_disp.cpp:1166 real_choose_bitmap_format        [   0.21300] Fake format
d3d      D         d3d_disp.cpp:1174 real_choose_bitmap_format        [   0.21301] Alpha doesn't match
d3d      D         d3d_disp.cpp:1181 real_choose_bitmap_format        [   0.21301] Adapter format is 23
d3d      D         d3d_disp.cpp:1184 real_choose_bitmap_format        [   0.21302] Found a format
d3d      I         d3d_disp.cpp:2283 _al_d3d_create_bitmap            [   0.21302] Chose bitmap format 9
font     D                ttf.c:217  alloc_glyph_region               [   0.21328] Glyph 42: 47x55 (48x56)
d3d      D          d3d_bmp.cpp:467  _al_d3d_sync_bitmap              [   0.21344] _al_d3d_sync_bitmap (system) ref count == 1
d3d      D          d3d_bmp.cpp:473  _al_d3d_sync_bitmap              [   0.21345] _al_d3d_sync_bitmap (video) ref count == 2
font     D                ttf.c:217  alloc_glyph_region               [   0.21415] Glyph 40: 35x53 (36x56)
d3d      D          d3d_bmp.cpp:467  _al_d3d_sync_bitmap              [   0.21416] _al_d3d_sync_bitmap (system) ref count == 1
d3d      D          d3d_bmp.cpp:473  _al_d3d_sync_bitmap              [   0.21417] _al_d3d_sync_bitmap (video) ref count == 2
font     D                ttf.c:217  alloc_glyph_region               [   0.21597] Glyph 55: 45x53 (48x56)
d3d      D          d3d_bmp.cpp:467  _al_d3d_sync_bitmap              [   0.21602] _al_d3d_sync_bitmap (system) ref count == 1
d3d      D          d3d_bmp.cpp:473  _al_d3d_sync_bitmap              [   0.21603] _al_d3d_sync_bitmap (video) ref count == 2
font     D                ttf.c:406  cache_glyph                      [   0.21624] Glyph 3 has zero size.
font     D                ttf.c:217  alloc_glyph_region               [   0.21629] Glyph 53: 42x53 (44x56)
d3d      D          d3d_bmp.cpp:467  _al_d3d_sync_bitmap              [   0.21639] _al_d3d_sync_bitmap (system) ref count == 1
d3d      D          d3d_bmp.cpp:473  _al_d3d_sync_bitmap              [   0.21640] _al_d3d_sync_bitmap (video) ref count == 2
font     D                ttf.c:217  alloc_glyph_region               [   0.21699] Glyph 36: 49x53 (52x56)
d3d      D          d3d_bmp.cpp:467  _al_d3d_sync_bitmap              [   0.21703] _al_d3d_sync_bitmap (system) ref count == 1
d3d      D          d3d_bmp.cpp:473  _al_d3d_sync_bitmap              [   0.21704] _al_d3d_sync_bitmap (video) ref count == 2
font     D                ttf.c:217  alloc_glyph_region               [   0.21728] Glyph 39: 45x53 (48x56)
d3d      D          d3d_bmp.cpp:467  _al_d3d_sync_bitmap              [   0.21733] _al_d3d_sync_bitmap (system) ref count == 1
d3d      D          d3d_bmp.cpp:473  _al_d3d_sync_bitmap              [   0.21733] _al_d3d_sync_bitmap (video) ref count == 2
font     D                ttf.c:217  alloc_glyph_region               [   0.21752] Glyph 60: 45x53 (48x56)
d3d      D          d3d_bmp.cpp:467  _al_d3d_sync_bitmap              [   0.21759] _al_d3d_sync_bitmap (system) ref count == 1
d3d      D          d3d_bmp.cpp:473  _al_d3d_sync_bitmap              [   0.21759] _al_d3d_sync_bitmap (video) ref count == 2
d3d      D          d3d_bmp.cpp:467  _al_d3d_sync_bitmap              [   0.21986] _al_d3d_sync_bitmap (system) ref count == 1
d3d      D          d3d_bmp.cpp:473  _al_d3d_sync_bitmap              [   0.21989] _al_d3d_sync_bitmap (video) ref count == 2
d3d      D          d3d_bmp.cpp:467  _al_d3d_sync_bitmap              [   0.21995] _al_d3d_sync_bitmap (system) ref count == 1
d3d      D          d3d_bmp.cpp:473  _al_d3d_sync_bitmap              [   0.21996] _al_d3d_sync_bitmap (video) ref count == 2
d3d      D          d3d_bmp.cpp:467  _al_d3d_sync_bitmap              [   0.22005] _al_d3d_sync_bitmap (system) ref count == 1
d3d      D          d3d_bmp.cpp:473  _al_d3d_sync_bitmap              [   0.22006] _al_d3d_sync_bitmap (video) ref count == 2
font     D                ttf.c:217  alloc_glyph_region               [   5.24308] Glyph 54: 38x55 (40x56)
d3d      D          d3d_bmp.cpp:467  _al_d3d_sync_bitmap              [   5.24310] _al_d3d_sync_bitmap (system) ref count == 1
d3d      D          d3d_bmp.cpp:473  _al_d3d_sync_bitmap              [   5.24310] _al_d3d_sync_bitmap (video) ref count == 2
font     D                ttf.c:217  alloc_glyph_region               [   5.24368] Glyph 44: 9x53 (12x56)
d3d      D          d3d_bmp.cpp:467  _al_d3d_sync_bitmap              [   5.24372] _al_d3d_sync_bitmap (system) ref count == 1
d3d      D          d3d_bmp.cpp:473  _al_d3d_sync_bitmap              [   5.24372] _al_d3d_sync_bitmap (video) ref count == 2
font     D                ttf.c:217  alloc_glyph_region               [   5.24409] Glyph 49: 41x53 (44x56)
d3d      D          d3d_bmp.cpp:467  _al_d3d_sync_bitmap              [   5.24412] _al_d3d_sync_bitmap (system) ref count == 1
d3d      D          d3d_bmp.cpp:473  _al_d3d_sync_bitmap              [   5.24412] _al_d3d_sync_bitmap (video) ref count == 2
font     D                ttf.c:217  alloc_glyph_region               [   5.24525] Glyph 29: 9x38 (12x40)
d3d      D          d3d_bmp.cpp:467  _al_d3d_sync_bitmap              [   5.24528] _al_d3d_sync_bitmap (system) ref count == 1
d3d      D          d3d_bmp.cpp:473  _al_d3d_sync_bitmap              [   5.24528] _al_d3d_sync_bitmap (video) ref count == 2
font     D                ttf.c:217  alloc_glyph_region               [   5.24648] Glyph 24: 35x54 (36x56)
d3d      D          d3d_bmp.cpp:467  _al_d3d_sync_bitmap              [   5.24666] _al_d3d_sync_bitmap (system) ref count == 1
d3d      D          d3d_bmp.cpp:473  _al_d3d_sync_bitmap              [   5.24667] _al_d3d_sync_bitmap (video) ref count == 2
d3d      D          d3d_bmp.cpp:467  _al_d3d_sync_bitmap              [   5.24809] _al_d3d_sync_bitmap (system) ref count == 1
d3d      D          d3d_bmp.cpp:473  _al_d3d_sync_bitmap              [   5.24810] _al_d3d_sync_bitmap (video) ref count == 2
font     D                ttf.c:217  alloc_glyph_region               [   6.25030] Glyph 23: 39x53 (40x56)
d3d      D          d3d_bmp.cpp:467  _al_d3d_sync_bitmap              [   6.25033] _al_d3d_sync_bitmap (system) ref count == 1
d3d      D          d3d_bmp.cpp:473  _al_d3d_sync_bitmap              [   6.25033] _al_d3d_sync_bitmap (video) ref count == 2
d3d      D          d3d_bmp.cpp:467  _al_d3d_sync_bitmap              [   6.25121] _al_d3d_sync_bitmap (system) ref count == 1
d3d      D          d3d_bmp.cpp:473  _al_d3d_sync_bitmap              [   6.25122] _al_d3d_sync_bitmap (video) ref count == 2
font     D                ttf.c:217  alloc_glyph_region               [   7.25241] Glyph 22: 36x55 (36x56)
d3d      D          d3d_bmp.cpp:467  _al_d3d_sync_bitmap              [   7.25244] _al_d3d_sync_bitmap (system) ref count == 1
d3d      D          d3d_bmp.cpp:473  _al_d3d_sync_bitmap              [   7.25244] _al_d3d_sync_bitmap (video) ref count == 2
d3d      D          d3d_bmp.cpp:467  _al_d3d_sync_bitmap              [   7.25357] _al_d3d_sync_bitmap (system) ref count == 1
d3d      D          d3d_bmp.cpp:473  _al_d3d_sync_bitmap              [   7.25357] _al_d3d_sync_bitmap (video) ref count == 2
