  Barrier.cpp
  Game.cpp
  Input.cpp
  laser.cpp
  LuaHelper.cpp
F:\University\C++\Level5\Space-Invaders\LUA_SIClone\LuaHelper.cpp(31,17): warning C4244: 'initializing': conversion from 'lua_Number' to 'float', possible loss of data
F:\University\C++\Level5\Space-Invaders\LUA_SIClone\LuaHelper.cpp(40,17): warning C4244: 'initializing': conversion from 'lua_Number' to 'float', possible loss of data
F:\University\C++\Level5\Space-Invaders\LUA_SIClone\LuaHelper.cpp(163,17): warning C4244: 'initializing': conversion from 'lua_Integer' to 'int', possible loss of data
F:\University\C++\Level5\Space-Invaders\LUA_SIClone\LuaHelper.cpp(173,9): warning C4068: unknown pragma 'endregio'
  main.cpp
  Mothership.cpp
  Player.cpp
  Scene.cpp
  Ship.cpp
  Ufo.cpp
  Generating code
  Previous IPDB was built with incompatible compiler, fall back to full compilation.
  All 340 functions were compiled because no usable IPDB/IOBJ from previous compilation was found.
  Finished generating code
  LUA_SIClone.vcxproj -> F:\University\C++\Level5\Space-Invaders\Release\LUA_SIClone.exe
