c:\users\c2031465\desktop\space-invaders-lua\lua_siclone\x64\debug\vc143.pdb
c:\users\c2031465\desktop\space-invaders-lua\lua_siclone\x64\debug\vc143.idb
c:\users\c2031465\desktop\space-invaders-lua\lua_siclone\x64\debug\barrier.obj
f:\university\c++\level5\space-invaders\lua_siclone\x64\debug\vc143.pdb
f:\university\c++\level5\space-invaders\lua_siclone\x64\debug\vc143.idb
f:\university\c++\level5\space-invaders\lua_siclone\x64\debug\luahelper.obj
f:\university\c++\level5\space-invaders\lua_siclone\x64\debug\ufo.obj
f:\university\c++\level5\space-invaders\lua_siclone\x64\debug\ship.obj
f:\university\c++\level5\space-invaders\lua_siclone\x64\debug\scene.obj
f:\university\c++\level5\space-invaders\lua_siclone\x64\debug\player.obj
f:\university\c++\level5\space-invaders\lua_siclone\x64\debug\mothership.obj
f:\university\c++\level5\space-invaders\lua_siclone\x64\debug\main.obj
f:\university\c++\level5\space-invaders\lua_siclone\x64\debug\laser.obj
f:\university\c++\level5\space-invaders\lua_siclone\x64\debug\input.obj
f:\university\c++\level5\space-invaders\lua_siclone\x64\debug\game.obj
f:\university\c++\level5\space-invaders\lua_siclone\x64\debug\barrier.obj
f:\university\c++\level5\space-invaders\lua_siclone\x64\debug\lua_siclone.vcxproj.cppwinrt_comp.cache
f:\university\c++\level5\space-invaders\lua_siclone\x64\debug\lua_siclone.vcxproj.cppwinrt_plat.cache
f:\university\c++\level5\space-invaders\lua_siclone\x64\debug\lua_siclone.vcxproj.mdmergeinputs.cache
f:\university\c++\level5\space-invaders\lua_siclone\x64\debug\lua_siclone.vcxproj.cppwinrt_comp.rsp
f:\university\c++\level5\space-invaders\lua_siclone\x64\debug\lua_siclone.vcxproj.cppwinrt_plat.rsp
f:\university\c++\level5\space-invaders\lua_siclone\x64\debug\lua_siclone.vcxproj.mdmerge.rsp
f:\university\c++\level5\space-invaders\lua_siclone\x64\debug\lua_siclone.vcxproj.midlrt.rsp
f:\university\c++\level5\space-invaders\lua_siclone\x64\debug\lua_siclone.tlog\cl.command.1.tlog
f:\university\c++\level5\space-invaders\lua_siclone\x64\debug\lua_siclone.tlog\cl.read.1.tlog
f:\university\c++\level5\space-invaders\lua_siclone\x64\debug\lua_siclone.tlog\cl.write.1.tlog
f:\university\c++\level5\space-invaders\lua_siclone\x64\debug\lua_siclone.tlog\link.command.1.tlog
f:\university\c++\level5\space-invaders\lua_siclone\x64\debug\lua_siclone.tlog\link.read.1.tlog
f:\university\c++\level5\space-invaders\lua_siclone\x64\debug\lua_siclone.tlog\link.write.1.tlog
